#-----------------------------------------------------------
# Vivado v2016.3 (64-bit)
# SW Build 1682563 on Mon Oct 10 19:07:27 MDT 2016
# IP Build 1681267 on Mon Oct 10 21:28:31 MDT 2016
# Start of session at: Mon May 15 12:14:02 2017
# Process ID: 9140
# Current directory: D:/大学/大二/大二下/计算机组成原理/实验/第8次/reg8file_v2
# Command line: vivado.exe -gui_launcher_event rodinguilauncherevent8620 D:\大学\大二\大二下\计算机组成原理\实验\第8次\reg8file_v2\reg8file_v2.xpr
# Log file: D:/大学/大二/大二下/计算机组成原理/实验/第8次/reg8file_v2/vivado.log
# Journal file: D:/大学/大二/大二下/计算机组成原理/实验/第8次/reg8file_v2\vivado.jou
#-----------------------------------------------------------
start_gui
open_project D:/大学/大二/大二下/计算机组成原理/实验/第8次/reg8file_v2/reg8file_v2.xpr
Scanning sources...
Finished scanning sources
INFO: [IP_Flow 19-234] Refreshing IP repositories
INFO: [IP_Flow 19-1700] Loaded user IP repository 'd:/Xilinx/myIP/reg8file_ip'.
INFO: [IP_Flow 19-2313] Loaded Vivado IP repository 'D:/Xilinx/Vivado/2016.3/data/ip'.
WARNING: [IP_Flow 19-3664] IP 'reg8file_ip_reg8file_0_0' generated file not found 'd:/大学/大二/大二下/计算机组成原理/实验/第8次/reg8file_v2/reg8file_v2.srcs/sources_1/bd/reg8file_ip/ip/reg8file_ip_reg8file_0_0/reg8file_ip_reg8file_0_0.dcp'. Please regenerate to continue.
WARNING: [IP_Flow 19-3664] IP 'reg8file_ip_reg8file_0_0' generated file not found 'd:/大学/大二/大二下/计算机组成原理/实验/第8次/reg8file_v2/reg8file_v2.srcs/sources_1/bd/reg8file_ip/ip/reg8file_ip_reg8file_0_0/reg8file_ip_reg8file_0_0_stub.v'. Please regenerate to continue.
WARNING: [IP_Flow 19-3664] IP 'reg8file_ip_reg8file_0_0' generated file not found 'd:/大学/大二/大二下/计算机组成原理/实验/第8次/reg8file_v2/reg8file_v2.srcs/sources_1/bd/reg8file_ip/ip/reg8file_ip_reg8file_0_0/reg8file_ip_reg8file_0_0_stub.vhdl'. Please regenerate to continue.
WARNING: [IP_Flow 19-3664] IP 'reg8file_ip_reg8file_0_0' generated file not found 'd:/大学/大二/大二下/计算机组成原理/实验/第8次/reg8file_v2/reg8file_v2.srcs/sources_1/bd/reg8file_ip/ip/reg8file_ip_reg8file_0_0/reg8file_ip_reg8file_0_0_sim_netlist.v'. Please regenerate to continue.
WARNING: [IP_Flow 19-3664] IP 'reg8file_ip_reg8file_0_0' generated file not found 'd:/大学/大二/大二下/计算机组成原理/实验/第8次/reg8file_v2/reg8file_v2.srcs/sources_1/bd/reg8file_ip/ip/reg8file_ip_reg8file_0_0/reg8file_ip_reg8file_0_0_sim_netlist.vhdl'. Please regenerate to continue.
open_bd_design {D:/大学/大二/大二下/计算机组成原理/实验/第8次/reg8file_v2/reg8file_v2.srcs/sources_1/bd/reg8file_ip/reg8file_ip.bd}
Adding cell -- freedom:reg8file_ip:reg8file:1.0 - reg8file_0
Successfully read diagram <reg8file_ip> from BD file <D:/大学/大二/大二下/计算机组成原理/实验/第8次/reg8file_v2/reg8file_v2.srcs/sources_1/bd/reg8file_ip/reg8file_ip.bd>
open_bd_design: Time (s): cpu = 00:00:07 ; elapsed = 00:00:07 . Memory (MB): peak = 816.918 ; gain = 0.000
reset_run reg8file_ip_reg8file_0_0_synth_1
reset_run synth_1
launch_runs synth_1 -jobs 4
INFO: [HDL 9-2216] Analyzing Verilog file "D:/大学/大二/大二下/计算机组成原理/实验/第8次/reg8file_v2/reg8file_v2.srcs/sources_1/bd/reg8file_ip/hdl/reg8file_ip_wrapper.v" into library work [D:/大学/大二/大二下/计算机组成原理/实验/第8次/reg8file_v2/reg8file_v2.srcs/sources_1/bd/reg8file_ip/hdl/reg8file_ip_wrapper.v:1]
INFO: [HDL 9-2216] Analyzing Verilog file "D:/大学/大二/大二下/计算机组成原理/实验/第8次/reg8file_v2/reg8file_v2.srcs/sources_1/bd/reg8file_ip/hdl/reg8file_ip.v" into library work [D:/大学/大二/大二下/计算机组成原理/实验/第8次/reg8file_v2/reg8file_v2.srcs/sources_1/bd/reg8file_ip/hdl/reg8file_ip.v:1]
[Mon May 15 12:14:41 2017] Launched reg8file_ip_reg8file_0_0_synth_1...
Run output will be captured here: D:/大学/大二/大二下/计算机组成原理/实验/第8次/reg8file_v2/reg8file_v2.runs/reg8file_ip_reg8file_0_0_synth_1/runme.log
[Mon May 15 12:14:41 2017] Launched synth_1...
Run output will be captured here: D:/大学/大二/大二下/计算机组成原理/实验/第8次/reg8file_v2/reg8file_v2.runs/synth_1/runme.log
reset_run reg8file_ip_reg8file_0_0_synth_1
reset_run synth_1
launch_runs synth_1 -jobs 4
INFO: [HDL 9-2216] Analyzing Verilog file "D:/大学/大二/大二下/计算机组成原理/实验/第8次/reg8file_v2/reg8file_v2.srcs/sources_1/bd/reg8file_ip/hdl/reg8file_ip_wrapper.v" into library work [D:/大学/大二/大二下/计算机组成原理/实验/第8次/reg8file_v2/reg8file_v2.srcs/sources_1/bd/reg8file_ip/hdl/reg8file_ip_wrapper.v:1]
INFO: [HDL 9-2216] Analyzing Verilog file "D:/大学/大二/大二下/计算机组成原理/实验/第8次/reg8file_v2/reg8file_v2.srcs/sources_1/bd/reg8file_ip/hdl/reg8file_ip.v" into library work [D:/大学/大二/大二下/计算机组成原理/实验/第8次/reg8file_v2/reg8file_v2.srcs/sources_1/bd/reg8file_ip/hdl/reg8file_ip.v:1]
[Mon May 15 12:46:30 2017] Launched reg8file_ip_reg8file_0_0_synth_1...
Run output will be captured here: D:/大学/大二/大二下/计算机组成原理/实验/第8次/reg8file_v2/reg8file_v2.runs/reg8file_ip_reg8file_0_0_synth_1/runme.log
[Mon May 15 12:46:30 2017] Launched synth_1...
Run output will be captured here: D:/大学/大二/大二下/计算机组成原理/实验/第8次/reg8file_v2/reg8file_v2.runs/synth_1/runme.log
exit
INFO: [Common 17-206] Exiting Vivado at Mon May 15 12:46:46 2017...
