Exception at PC 0x00007FFB91B07788
Exception at PC 0x00007FFB91B07788
Exception at PC 0x00007FFB91B07788
Exception at PC 0x00007FFB91B07788
Exception at PC 0x00007FFB91B07788
Exception at PC 0x00007FFB91B07788
Exception at PC 0x00007FFB91B07788
Exception at PC 0x00007FFB91B07788
Exception at PC 0x00007FFB91B07788
Exception at PC 0x00007FFB91B07788
Exception at PC 0x00007FFB45F5BB93
Printing stacktrace...

Exception at PC 0x00007FFB91B07788
Unable to capture context for thread 11328 in process 10992, can not generate back trace
Exception at PC 0x00007FFB91B07788
Exception at PC 0x00007FFB91B07788
Exception at PC 0x00007FFB91B07788
Exception at PC 0x00007FFB91B07788
Exception at PC 0x00007FFB91B07788
Exception at PC 0x00007FFB91B07788
Exception at PC 0x00007FFB91B07788
Exception at PC 0x00007FFB91B07788
Exception at PC 0x00007FFB91B07788
Exception at PC 0x00007FFB91B07788
Exception at PC 0x00007FFB91B07788
Exception at PC 0x00007FFB91B07788
Exception at PC 0x00007FFB91B07788
Exception at PC 0x00007FFB91B07788
Exception at PC 0x00007FFB91B07788
Exception at PC 0x00007FFB91B07788
[0]  [0x00007FFB45F5BB93]
[1]  [0x00007FFB45F5BB93]
[2]  [0x00007FFB45F5B4A1]
[3]  [0x00007FFB45F5B3EF]
[4]  [0x00007FFB45F419FE]
[5]  [0x00007FFB45F40ED1]
[6]  [0x00007FFB45F40D76]
[7]  [0x00007FFB45EE79F6]
[8]  [0x00007FFB45ED7AFB]
[9]  [0x00007FFB45FFE90A]
[10]  [0x00007FFB46019F87]
[11]  [0x00007FFB4601A05F]
[12] (BaseThreadInitThunk+0x14) [0x00007FFB930D8364]
[13] (RtlUserThreadStart+0x21) [0x00007FFB954B70D1]
Done
Exception at PC 0x00007FFB91B07788
Exception at PC 0x00007FFB91B07788
